<?xml version="1.0" encoding="UTF-8"?>
<!-- Generated by org.testng.reporters.JUnitReportReporter -->
<testsuite hostname="VAIO" failures="0" tests="1" name="Test.PinPageTest" time="17.030" errors="0" timestamp="2022-06-15T16:00:16 IST" skipped="0">
  <testcase classname="Test.PinPageTest" name="loginToZerodhaWithPinTest" time="17.030"/>
  <system-out/>
</testsuite> <!-- Test.PinPageTest -->
