<?xml version="1.0" encoding="UTF-8"?>
<!-- Generated by org.testng.reporters.JUnitReportReporter -->
<testsuite hostname="VAIO" failures="0" tests="1" name="Test.LoginPageTest" time="13.638" errors="0" timestamp="2022-06-23T13:37:12 IST" skipped="0">
  <testcase classname="Test.LoginPageTest" name="clickOnLoginWithoutDataTest" time="13.638"/>
  <system-out/>
</testsuite> <!-- Test.LoginPageTest -->
