<?xml version="1.0" encoding="UTF-8"?>
<!-- Generated by org.testng.reporters.JUnitReportReporter -->
<testsuite hostname="VAIO" failures="0" tests="2" name="Test.HomePageTest" time="30.502" errors="0" timestamp="2022-06-15T17:29:27 IST" skipped="0">
  <testcase classname="Test.HomePageTest" name="loginWithValidCredentialsTest" time="14.915"/>
  <system-out/>
  <testcase classname="Test.HomePageTest" name="loginToZerodhaWithPinTest" time="15.587"/>
  <system-out/>
</testsuite> <!-- Test.HomePageTest -->
